d:\программирование c++\информационная система для оператора связи\информационная система для оператора связи\debug\информационная система для оператора связи.pch
d:\программирование c++\информационная система для оператора связи\информационная система для оператора связи\debug\vc141.pdb
d:\программирование c++\информационная система для оператора связи\информационная система для оператора связи\debug\stdafx.obj
d:\программирование c++\информационная система для оператора связи\информационная система для оператора связи\debug\form1.obj
d:\программирование c++\информационная система для оператора связи\информационная система для оператора связи\debug\assemblyinfo.obj
d:\программирование c++\информационная система для оператора связи\информационная система для оператора связи\debug\connection.obj
d:\программирование c++\информационная система для оператора связи\информационная система для оператора связи\debug\adminform.obj
d:\программирование c++\информационная система для оператора связи\информационная система для оператора связи\debug\addandchangetariffform.obj
d:\программирование c++\информационная система для оператора связи\информационная система для оператора связи\debug\createеmployeeform.obj
d:\программирование c++\информационная система для оператора связи\информационная система для оператора связи\debug\.netframework,version=v4.5.2.assemblyattributes.obj
d:\программирование c++\информационная система для оператора связи\информационная система для оператора связи\debug\.netframework,version=v4.5.2.assemblyattributes.asm
d:\программирование c++\информационная система для оператора связи\информационная система для оператора связи\debug\feedbackform.obj
d:\программирование c++\информационная система для оператора связи\информационная система для оператора связи\debug\deletemyaccountform.obj
d:\программирование c++\информационная система для оператора связи\информационная система для оператора связи\debug\addandchangeserviceform.obj
d:\программирование c++\информационная система для оператора связи — копия\информационная система для оператора связи\debug\информационная система для оператора связи.pch
d:\программирование c++\информационная система для оператора связи — копия\информационная система для оператора связи\debug\vc141.pdb
d:\программирование c++\информационная система для оператора связи — копия\информационная система для оператора связи\debug\stdafx.obj
d:\программирование c++\информационная система для оператора связи — копия\информационная система для оператора связи\debug\userform.obj
d:\программирование c++\информационная система для оператора связи — копия\информационная система для оператора связи\debug\sql_helper.obj
d:\программирование c++\информационная система для оператора связи — копия\информационная система для оператора связи\debug\operatorform.obj
d:\программирование c++\информационная система для оператора связи — копия\информационная система для оператора связи\debug\form1.obj
d:\программирование c++\информационная система для оператора связи — копия\информационная система для оператора связи\debug\feedbackform.obj
d:\программирование c++\информационная система для оператора связи — копия\информационная система для оператора связи\debug\deletemyaccountform.obj
d:\программирование c++\информационная система для оператора связи — копия\информационная система для оператора связи\debug\createеmployeeform.obj
d:\программирование c++\информационная система для оператора связи — копия\информационная система для оператора связи\debug\cppclr_winformsprojekt.obj
d:\программирование c++\информационная система для оператора связи — копия\информационная система для оператора связи\debug\connection.obj
d:\программирование c++\информационная система для оператора связи — копия\информационная система для оператора связи\debug\assemblyinfo.obj
d:\программирование c++\информационная система для оператора связи — копия\информационная система для оператора связи\debug\adminform.obj
d:\программирование c++\информационная система для оператора связи — копия\информационная система для оператора связи\debug\addandchangetariffform.obj
d:\программирование c++\информационная система для оператора связи — копия\информационная система для оператора связи\debug\addandchangeserviceform.obj
d:\программирование c++\информационная система для оператора связи — копия — копия\информационная система для оператора связи\debug\информационная система для оператора связи.pch
d:\программирование c++\информационная система для оператора связи — копия — копия\информационная система для оператора связи\debug\vc141.pdb
d:\программирование c++\информационная система для оператора связи — копия — копия\информационная система для оператора связи\debug\stdafx.obj
d:\программирование c++\информационная система для оператора связи — копия — копия\информационная система для оператора связи\debug\userform.obj
d:\программирование c++\информационная система для оператора связи — копия — копия\информационная система для оператора связи\debug\sql_helper.obj
d:\программирование c++\информационная система для оператора связи — копия — копия\информационная система для оператора связи\debug\operatorform.obj
d:\программирование c++\информационная система для оператора связи — копия — копия\информационная система для оператора связи\debug\form1.obj
d:\программирование c++\информационная система для оператора связи — копия — копия\информационная система для оператора связи\debug\feedbackform.obj
d:\программирование c++\информационная система для оператора связи — копия — копия\информационная система для оператора связи\debug\deletemyaccountform.obj
d:\программирование c++\информационная система для оператора связи — копия — копия\информационная система для оператора связи\debug\createеmployeeform.obj
d:\программирование c++\информационная система для оператора связи — копия — копия\информационная система для оператора связи\debug\cppclr_winformsprojekt.obj
d:\программирование c++\информационная система для оператора связи — копия — копия\информационная система для оператора связи\debug\connection.obj
d:\программирование c++\информационная система для оператора связи — копия — копия\информационная система для оператора связи\debug\assemblyinfo.obj
d:\программирование c++\информационная система для оператора связи — копия — копия\информационная система для оператора связи\debug\adminform.obj
d:\программирование c++\информационная система для оператора связи — копия — копия\информационная система для оператора связи\debug\addandchangetariffform.obj
d:\программирование c++\информационная система для оператора связи — копия — копия\информационная система для оператора связи\debug\addandchangeserviceform.obj
d:\программирование c++\информационная система для оператора связи\debug\информационная система для оператора связи.exe
d:\программирование c++\информационная система для оператора связи\debug\информационная система для оператора связи.pdb
d:\программирование c++\информационная система для оператора связи — копия\debug\информационная система для оператора связи.exe
d:\программирование c++\информационная система для оператора связи — копия\debug\информационная система для оператора связи.pdb
d:\программирование c++\информационная система для оператора связи — копия — копия\debug\информационная система для оператора связи.exe
d:\программирование c++\информационная система для оператора связи — копия — копия\debug\информационная система для оператора связи.pdb
d:\программирование c++\информационная система для оператора связи\информационная система для оператора связи\debug\app.res
d:\программирование c++\информационная система для оператора связи — копия\информационная система для оператора связи\debug\app.res
d:\программирование c++\информационная система для оператора связи — копия — копия\информационная система для оператора связи\debug\app.res
d:\программирование c++\информационная система для оператора связи\информационная система для оператора связи\debug\информационная_система_для_оператора_связи.form1.resources
d:\программирование c++\информационная система для оператора связи\информационная система для оператора связи\debug\информационная_система_для_оператора_связи.adminform.resources
d:\программирование c++\информационная система для оператора связи\информационная система для оператора связи\debug\информационная_система_для_оператора_связи.operatorform.resources
d:\программирование c++\информационная система для оператора связи\информационная система для оператора связи\debug\информационная_система_для_оператора_связи.userform.resources
d:\программирование c++\информационная система для оператора связи\информационная система для оператора связи\debug\информационная_система_для_оператора_связи.addandchangetariffform.resources
d:\программирование c++\информационная система для оператора связи\информационная система для оператора связи\debug\информационная_система_для_оператора_связи.createеmployeeform.resources
d:\программирование c++\информационная система для оператора связи\информационная система для оператора связи\debug\информационная_система_для_оператора_связи.deletemyaccountform.resources
d:\программирование c++\информационная система для оператора связи\информационная система для оператора связи\debug\информационная_система_для_оператора_связи.feedbackform.resources
d:\программирование c++\информационная система для оператора связи — копия\информационная система для оператора связи\debug\информационная_система_для_оператора_связи.addandchangetariffform.resources
d:\программирование c++\информационная система для оператора связи — копия\информационная система для оператора связи\debug\информационная_система_для_оператора_связи.adminform.resources
d:\программирование c++\информационная система для оператора связи — копия\информационная система для оператора связи\debug\информационная_система_для_оператора_связи.createеmployeeform.resources
d:\программирование c++\информационная система для оператора связи — копия\информационная система для оператора связи\debug\информационная_система_для_оператора_связи.deletemyaccountform.resources
d:\программирование c++\информационная система для оператора связи — копия\информационная система для оператора связи\debug\информационная_система_для_оператора_связи.feedbackform.resources
d:\программирование c++\информационная система для оператора связи — копия\информационная система для оператора связи\debug\информационная_система_для_оператора_связи.form1.resources
d:\программирование c++\информационная система для оператора связи — копия\информационная система для оператора связи\debug\информационная_система_для_оператора_связи.operatorform.resources
d:\программирование c++\информационная система для оператора связи — копия\информационная система для оператора связи\debug\информационная_система_для_оператора_связи.userform.resources
d:\программирование c++\информационная система для оператора связи — копия\информационная система для оператора связи\debug\информационная_система_для_оператора_связи.addandchangeserviceform.resources
d:\программирование c++\информационная система для оператора связи — копия — копия\информационная система для оператора связи\debug\информационная_система_для_оператора_связи.addandchangeserviceform.resources
d:\программирование c++\информационная система для оператора связи — копия — копия\информационная система для оператора связи\debug\информационная_система_для_оператора_связи.addandchangetariffform.resources
d:\программирование c++\информационная система для оператора связи — копия — копия\информационная система для оператора связи\debug\информационная_система_для_оператора_связи.adminform.resources
d:\программирование c++\информационная система для оператора связи — копия — копия\информационная система для оператора связи\debug\информационная_система_для_оператора_связи.createеmployeeform.resources
d:\программирование c++\информационная система для оператора связи — копия — копия\информационная система для оператора связи\debug\информационная_система_для_оператора_связи.deletemyaccountform.resources
d:\программирование c++\информационная система для оператора связи — копия — копия\информационная система для оператора связи\debug\информационная_система_для_оператора_связи.feedbackform.resources
d:\программирование c++\информационная система для оператора связи — копия — копия\информационная система для оператора связи\debug\информационная_система_для_оператора_связи.form1.resources
d:\программирование c++\информационная система для оператора связи — копия — копия\информационная система для оператора связи\debug\информационная_система_для_оператора_связи.operatorform.resources
d:\программирование c++\информационная система для оператора связи — копия — копия\информационная система для оператора связи\debug\информационная_система_для_оператора_связи.userform.resources
d:\программирование c++\информационная система для оператора связи\информационная система для оператора связи\debug\информационная система для оператора связи.vcxproj.generateresource.cache
d:\программирование c++\информационная система для оператора связи\информационная система для оператора связи\debug\информационная система для оператора связи.vcxprojassemblyreference.cache
d:\программирование c++\информационная система для оператора связи\информационная система для оператора связи\debug\operatorform.obj
d:\программирование c++\информационная система для оператора связи\информационная система для оператора связи\debug\sql_helper.obj
d:\программирование c++\информационная система для оператора связи\информационная система для оператора связи\debug\userform.obj
d:\программирование c++\информационная система для оператора связи\информационная система для оператора связи\debug\информационная_система_для_оператора_связи.addandchangeserviceform.resources
d:\программирование c++\информационная система для оператора связи\информационная система для оператора связи\debug\информац.68542f48.tlog\cl.command.1.tlog
d:\программирование c++\информационная система для оператора связи\информационная система для оператора связи\debug\информац.68542f48.tlog\cl.read.1.tlog
d:\программирование c++\информационная система для оператора связи\информационная система для оператора связи\debug\информац.68542f48.tlog\cl.write.1.tlog
d:\программирование c++\информационная система для оператора связи\информационная система для оператора связи\debug\информац.68542f48.tlog\link.command.1.tlog
d:\программирование c++\информационная система для оператора связи\информационная система для оператора связи\debug\информац.68542f48.tlog\link.read.1.tlog
d:\программирование c++\информационная система для оператора связи\информационная система для оператора связи\debug\информац.68542f48.tlog\link.write.1.tlog
d:\программирование c++\информационная система для оператора связи\информационная система для оператора связи\debug\информац.68542f48.tlog\metagen.read.1.tlog
d:\программирование c++\информационная система для оператора связи\информационная система для оператора связи\debug\информац.68542f48.tlog\metagen.write.1.tlog
d:\программирование c++\информационная система для оператора связи\информационная система для оператора связи\debug\информац.68542f48.tlog\rc.command.1.tlog
d:\программирование c++\информационная система для оператора связи\информационная система для оператора связи\debug\информац.68542f48.tlog\rc.read.1.tlog
d:\программирование c++\информационная система для оператора связи\информационная система для оператора связи\debug\информац.68542f48.tlog\rc.write.1.tlog
d:\программирование c++\информационная система для оператора связи\информационная система для оператора связи\debug\информац.68542f48.tlog\информационная система для оператора связи.write.1u.tlog
